<?xml version="1.0" encoding="UTF-8"?>
<beans xmlns="http://www.springframework.org/schema/beans"
       xmlns:xsi="http://www.w3.org/2001/XMLSchema-instance"
       xmlns:jdbc="http://www.springframework.org/schema/jdbc"
       xmlns:context="http://www.springframework.org/schema/context"
       xsi:schemaLocation="http://www.springframework.org/schema/beans
                           http://www.springframework.org/schema/beans/spring-beans.xsd http://www.springframework.org/schema/jdbc http://www.springframework.org/schema/jdbc/spring-jdbc.xsd http://www.springframework.org/schema/context http://www.springframework.org/schema/context/spring-context.xsd">

    <!-- load H2 jdbc properties -->
    <context:property-placeholder location="classpath:jdbc-h2.properties"/>

    <bean id="clientDao" class="com.carbon.ecommerce.dao.ClientDao">
    </bean>

    <bean id="itemDao" class="com.carbon.ecommerce.dao.ItemDao">
    </bean>

    <bean id="stockDao" class="com.carbon.ecommerce.dao.StockDao">
    </bean>

    <bean id="referenceSizeDao" class="com.carbon.ecommerce.dao.ReferenceSizeDao">
    </bean>

    <jdbc:embedded-database id="dataSource" type="H2">
        <jdbc:script location="classpath:create.sql"/>
        <jdbc:script location="classpath:populate.sql"/>
    </jdbc:embedded-database>

    <bean id="sessionFactory" class="org.springframework.orm.hibernate4.LocalSessionFactoryBean">
        <property name="dataSource" ref="dataSource"/>
        <property name="configLocation" value="classpath:hibernate-test.cfg.xml" />
    </bean>


</beans>