<?xml version="1.0" encoding="UTF-8"?>
<beans xmlns="http://www.springframework.org/schema/beans"
       xmlns:xsi="http://www.w3.org/2001/XMLSchema-instance"
       xmlns:tx="http://www.springframework.org/schema/tx"
       xmlns:jdbc="http://www.springframework.org/schema/jdbc"
       xmlns:context="http://www.springframework.org/schema/context"
       xsi:schemaLocation="http://www.springframework.org/schema/beans http://www.springframework.org/schema/beans/spring-beans.xsd
        http://www.springframework.org/schema/context http://www.springframework.org/schema/context/spring-context.xsd
        http://www.springframework.org/schema/jdbc http://www.springframework.org/schema/jdbc/spring-jdbc.xsd
        http://www.springframework.org/schema/tx http://www.springframework.org/schema/tx/spring-tx.xsd">

    <context:component-scan base-package="com.carbon.ecommerce.dao" />

    <!-- load H2 jdbc properties -->
    <context:property-placeholder location="classpath:dev.properties"/>

    <jdbc:embedded-database id="dataSource" type="H2">
        <jdbc:script location="classpath:create.sql"/>
        <jdbc:script location="classpath:populate.sql"/>
    </jdbc:embedded-database>

<!--    <bean id="dataSource" class="org.springframework.jdbc.datasource.SimpleDriverDataSource">
        <property name="driverClass" value="org.h2.Driver"/>
        <property name="url" value="jdbc:h2:mem:test;MODE=ORACLE"/>
        <property name="username" value="sa"/>
        <property name="password" value=""/>
    </bean>

    <jdbc:initialize-database data-source="dataSource" enabled="true" ignore-failures="NONE">
        <jdbc:script location="classpath:create.sql" />
        <jdbc:script location="classpath:populate.sql" />
    </jdbc:initialize-database>-->

    <bean id="sessionFactory" class="org.springframework.orm.hibernate4.LocalSessionFactoryBean">
        <property name="dataSource" ref="dataSource"/>
        <property name="configLocation" value="classpath:hibernate-test.cfg.xml"/>
    </bean>

    <tx:annotation-driven/>
    <bean id="transactionManager"
          class="org.springframework.orm.hibernate4.HibernateTransactionManager">
        <property name="sessionFactory" ref="sessionFactory" />
    </bean>

    <bean id="clientDao" class="com.carbon.ecommerce.dao.ClientDao">
        <property name="sessionFactory" ref="sessionFactory"/>
    </bean>

    <bean id="itemDao" class="com.carbon.ecommerce.dao.ItemDao">
        <property name="sessionFactory" ref="sessionFactory"/>
    </bean>

    <bean id="teamDao" class="com.carbon.ecommerce.dao.TeamDao">
        <property name="sessionFactory" ref="sessionFactory"/>
    </bean>

    <bean id="stockDao" class="com.carbon.ecommerce.dao.StockDao">
        <property name="sessionFactory" ref="sessionFactory"/>
    </bean>

    <bean id="orderDao" class="com.carbon.ecommerce.dao.OrderDao">
        <property name="sessionFactory" ref="sessionFactory"/>
    </bean>

</beans>